<?xml version="1.0" encoding="UTF-8" ?>
<testsuite errors="0" failures="0" hostname="jyum-glaptop" name="com.flatironschool.javacs.WikiPhilosophyTest" skipped="0" tests="1" time="5.126" timestamp="2016-06-29T01:09:29">
  <properties>
    <property name="env.DESKTOP_SESSION" value="cinnamon" />
    <property name="file.encoding.pkg" value="sun.io" />
    <property name="env.rvm_bin_path" value="/home/jyum/.rvm/bin" />
    <property name="java.home" value="/usr/lib/jvm/java-7-openjdk-amd64/jre" />
    <property name="env.GDM_LANG" value="en_US" />
    <property name="env.DISPLAY" value=":0" />
    <property name="env.AUTO_PROXY" value="https://proxyconfig.corp.google.com/proxy.pac" />
    <property name="env.LS_COLORS" value="rs=0:di=01;34:ln=01;36:mh=00:pi=40;33:so=01;35:do=01;35:bd=40;33;01:cd=40;33;01:or=40;31;01:su=37;41:sg=30;43:ca=30;41:tw=30;42:ow=34;42:st=37;44:ex=01;32:*.tar=01;31:*.tgz=01;31:*.arj=01;31:*.taz=01;31:*.lzh=01;31:*.lzma=01;31:*.tlz=01;31:*.txz=01;31:*.zip=01;31:*.z=01;31:*.Z=01;31:*.dz=01;31:*.gz=01;31:*.lz=01;31:*.xz=01;31:*.bz2=01;31:*.bz=01;31:*.tbz=01;31:*.tbz2=01;31:*.tz=01;31:*.deb=01;31:*.rpm=01;31:*.jar=01;31:*.war=01;31:*.ear=01;31:*.sar=01;31:*.rar=01;31:*.ace=01;31:*.zoo=01;31:*.cpio=01;31:*.7z=01;31:*.rz=01;31:*.jpg=01;35:*.jpeg=01;35:*.gif=01;35:*.bmp=01;35:*.pbm=01;35:*.pgm=01;35:*.ppm=01;35:*.tga=01;35:*.xbm=01;35:*.xpm=01;35:*.tif=01;35:*.tiff=01;35:*.png=01;35:*.svg=01;35:*.svgz=01;35:*.mng=01;35:*.pcx=01;35:*.mov=01;35:*.mpg=01;35:*.mpeg=01;35:*.m2v=01;35:*.mkv=01;35:*.webm=01;35:*.ogm=01;35:*.mp4=01;35:*.m4v=01;35:*.mp4v=01;35:*.vob=01;35:*.qt=01;35:*.nuv=01;35:*.wmv=01;35:*.asf=01;35:*.rm=01;35:*.rmvb=01;35:*.flc=01;35:*.avi=01;35:*.fli=01;35:*.flv=01;35:*.gl=01;35:*.dl=01;35:*.xcf=01;35:*.xwd=01;35:*.yuv=01;35:*.cgm=01;35:*.emf=01;35:*.axv=01;35:*.anx=01;35:*.ogv=01;35:*.ogx=01;35:*.aac=00;36:*.au=00;36:*.flac=00;36:*.mid=00;36:*.midi=00;36:*.mka=00;36:*.mp3=00;36:*.mpc=00;36:*.ogg=00;36:*.ra=00;36:*.wav=00;36:*.axa=00;36:*.oga=00;36:*.spx=00;36:*.xspf=00;36:" />
    <property name="env.XDG_VTNR" value="7" />
    <property name="env.XDG_GREETER_DATA_DIR" value="/var/lib/lightdm-data/jyum" />
    <property name="java.endorsed.dirs" value="/usr/lib/jvm/java-7-openjdk-amd64/jre/lib/endorsed" />
    <property name="env.LOGNAME" value="jyum" />
    <property name="debuglevel" value="source,lines,vars" />
    <property name="env.XDG_SEAT" value="seat0" />
    <property name="env._system_version" value="14.04" />
    <property name="env.SESSION_MANAGER" value="local/jyum-glaptop:@/tmp/.ICE-unix/3472,unix/jyum-glaptop:/tmp/.ICE-unix/3472" />
    <property name="sun.os.patch.level" value="unknown" />
    <property name="java.vendor.url" value="http://java.oracle.com/" />
    <property name="env.XDG_SEAT_PATH" value="/org/freedesktop/DisplayManager/Seat0" />
    <property name="env.MANDATORY_PATH" value="/usr/share/gconf/cinnamon.mandatory.path" />
    <property name="java.version" value="1.7.0_101" />
    <property name="env._system_type" value="Linux" />
    <property name="java.vendor.url.bug" value="http://bugreport.sun.com/bugreport/" />
    <property name="env.LANGUAGE" value="en_US" />
    <property name="env.GEM_HOME" value="/home/jyum/.rvm/gems/ruby-2.2.1" />
    <property name="ant.project.invoked-targets" value="test" />
    <property name="env.XDG_DATA_DIRS" value="/usr/share/cinnamon:/usr/share/gnome:/usr/local/share/:/usr/share/" />
    <property name="env.GNOME_KEYRING_CONTROL" value="/run/user/34444/keyring-cZKMiM" />
    <property name="env.P4MERGE" value="/google/src/files/head/depot/eng/perforce/mergep4.tcl" />
    <property name="env.RUBY_VERSION" value="ruby-2.2.1" />
    <property name="user.name" value="jyum" />
    <property name="env.LANG" value="en_US.UTF-8" />
    <property name="env.CVS_RSH" value="ssh" />
    <property name="sun.io.unicode.encoding" value="UnicodeLittle" />
    <property name="sun.jnu.encoding" value="UTF-8" />
    <property name="env.DBUS_SESSION_BUS_ADDRESS" value="unix:abstract=/tmp/dbus-WbRLWOjGCx,guid=cf86cd08d031aac75a7fc0cf577300f0" />
    <property name="java.runtime.name" value="OpenJDK Runtime Environment" />
    <property name="env._ORIGINAL_GEM_PATH" value="/home/jyum/.rvm/gems/ruby-2.2.1:/home/jyum/.rvm/gems/ruby-2.2.1@global" />
    <property name="java.specification.name" value="Java Platform API Specification" />
    <property name="user.timezone" value="" />
    <property name="env.CINNAMON_VERSION" value="2.6.13" />
    <property name="env.LESSOPEN" value="| /usr/bin/lesspipe %s" />
    <property name="path.separator" value=":" />
    <property name="env.XMODIFIERS" value="@im=ibus" />
    <property name="file.encoding" value="UTF-8" />
    <property name="ant.project.default-target" value="build" />
    <property name="env.HOME" value="/home/jyum" />
    <property name="sun.java.command" value="org.apache.tools.ant.taskdefs.optional.junit.JUnitTestRunner com.flatironschool.javacs.WikiPhilosophyTest skipNonTests=false filtertrace=true haltOnError=false haltOnFailure=false formatter=org.apache.tools.ant.taskdefs.optional.junit.OutErrSummaryJUnitResultFormatter showoutput=false outputtoformatters=true logfailedtests=true logtestlistenerevents=false formatter=org.apache.tools.ant.taskdefs.optional.junit.XMLJUnitResultFormatter,/home/jyum/codeu/cs-wikipedia-philosophy-lab-codeU/javacs-lab05/junit/TEST-com.flatironschool.javacs.WikiPhilosophyTest.xml formatter=org.apache.tools.ant.taskdefs.optional.junit.PlainJUnitResultFormatter crashfile=/home/jyum/codeu/cs-wikipedia-philosophy-lab-codeU/javacs-lab05/junitvmwatcher25535852993529275.properties propsfile=/home/jyum/codeu/cs-wikipedia-philosophy-lab-codeU/javacs-lab05/junit8956529313129357365.properties" />
    <property name="ant.file" value="/home/jyum/codeu/cs-wikipedia-philosophy-lab-codeU/javacs-lab05/build.xml" />
    <property name="env._system_name" value="Ubuntu" />
    <property name="java.io.tmpdir" value="/tmp" />
    <property name="env.GNOME_KEYRING_PID" value="3470" />
    <property name="user.language" value="en" />
    <property name="line.separator" value="&#xa;" />
    <property name="target" value="1.7" />
    <property name="ant.file.type" value="file" />
    <property name="env.SSH_AGENT_PID" value="3636" />
    <property name="env.CLUTTER_IM_MODULE" value="xim" />
    <property name="java.vm.info" value="mixed mode" />
    <property name="source" value="1.7" />
    <property name="sun.desktop" value="gnome" />
    <property name="java.vm.specification.name" value="Java Virtual Machine Specification" />
    <property name="env.P4CONFIG" value=".p4config" />
    <property name="env.COLORTERM" value="gnome-terminal" />
    <property name="env.TEXTDOMAIN" value="im-config" />
    <property name="env.rvm_path" value="/home/jyum/.rvm" />
    <property name="env.GEM_PATH" value="/home/jyum/.rvm/gems/ruby-2.2.1:/home/jyum/.rvm/gems/ruby-2.2.1@global" />
    <property name="env.GDMSESSION" value="cinnamon" />
    <property name="java.awt.printerjob" value="sun.print.PSPrinterJob" />
    <property name="env.VTE_VERSION" value="3409" />
    <property name="env.DEFAULTS_PATH" value="/usr/share/gconf/cinnamon.default.path" />
    <property name="ant.version" value="Apache Ant(TM) version 1.9.3 compiled on April 8 2014" />
    <property name="env.WINDOWID" value="44040203" />
    <property name="env.XDG_SESSION_PATH" value="/org/freedesktop/DisplayManager/Session0" />
    <property name="os.name" value="Linux" />
    <property name="java.specification.vendor" value="Oracle Corporation" />
    <property name="env.rvm_version" value="1.26.11 (latest)" />
    <property name="env.PYTHONPATH" value="/usr/local/buildtools/current/sitecustomize" />
    <property name="env.TERM" value="xterm" />
    <property name="java.vm.name" value="OpenJDK 64-Bit Server VM" />
    <property name="env.QT_IM_MODULE" value="ibus" />
    <property name="java.library.path" value="/usr/java/packages/lib/amd64:/usr/lib/x86_64-linux-gnu/jni:/lib/x86_64-linux-gnu:/usr/lib/x86_64-linux-gnu:/usr/lib/jni:/lib:/usr/lib" />
    <property name="env.rvm_prefix" value="/home/jyum" />
    <property name="env.PATH" value="/home/jyum/.rvm/gems/ruby-2.2.1/bin:/home/jyum/.rvm/gems/ruby-2.2.1@global/bin:/home/jyum/.rvm/rubies/ruby-2.2.1/bin:/usr/local/sbin:/usr/local/bin:/usr/sbin:/usr/bin:/sbin:/bin:/home/jyum/.rvm/bin:/home/jyum/.rvm/bin" />
    <property name="env.LESSCLOSE" value="/usr/bin/lesspipe %s %s" />
    <property name="ant.java.version" value="1.7" />
    <property name="env.TEXTDOMAINDIR" value="/usr/share/locale/" />
    <property name="basedir" value="/home/jyum/codeu/cs-wikipedia-philosophy-lab-codeU/javacs-lab05" />
    <property name="java.class.version" value="51.0" />
    <property name="env.SHLVL" value="2" />
    <property name="ant.home" value="/usr/share/ant" />
    <property name="env.MAILCHECK" value="604800" />
    <property name="ant.file.JavaCS" value="/home/jyum/codeu/cs-wikipedia-philosophy-lab-codeU/javacs-lab05/build.xml" />
    <property name="env.GJS_DEBUG_OUTPUT" value="stderr" />
    <property name="env._system_arch" value="x86_64" />
    <property name="sun.boot.library.path" value="/usr/lib/jvm/java-7-openjdk-amd64/jre/lib/amd64" />
    <property name="sun.management.compiler" value="HotSpot 64-Bit Tiered Compilers" />
    <property name="java.awt.graphicsenv" value="sun.awt.X11GraphicsEnvironment" />
    <property name="env.USER" value="jyum" />
    <property name="env.GTK_IM_MODULE" value="ibus" />
    <property name="env.GTK_MODULES" value="" />
    <property name="ant.file.type.JavaCS" value="file" />
    <property name="ant.project.name" value="JavaCS" />
    <property name="java.vm.specification.version" value="1.7" />
    <property name="awt.toolkit" value="sun.awt.X11.XToolkit" />
    <property name="env.MY_RUBY_HOME" value="/home/jyum/.rvm/rubies/ruby-2.2.1" />
    <property name="sun.cpu.isalist" value="" />
    <property name="java.ext.dirs" value="/usr/lib/jvm/java-7-openjdk-amd64/jre/lib/ext:/usr/java/packages/lib/ext" />
    <property name="env.GJS_DEBUG_TOPICS" value="JS ERROR;JS LOG" />
    <property name="os.version" value="4.2.0-38-generic" />
    <property name="env.QT_QPA_PLATFORMTHEME" value="appmenu-qt5" />
    <property name="user.home" value="/home/jyum" />
    <property name="env.XDG_CURRENT_DESKTOP" value="X-Cinnamon" />
    <property name="java.vm.vendor" value="Oracle Corporation" />
    <property name="env.XDG_SESSION_ID" value="c2" />
    <property name="junit.output.dir" value="junit" />
    <property name="env.XAUTHORITY" value="/home/jyum/.Xauthority" />
    <property name="user.dir" value="/home/jyum/codeu/cs-wikipedia-philosophy-lab-codeU" />
    <property name="env.MAIL" value="/dev/null" />
    <property name="env.PWD" value="/home/jyum/codeu/cs-wikipedia-philosophy-lab-codeU" />
    <property name="env.CLUTTER_BACKEND" value="x11" />
    <property name="sun.cpu.endian" value="little" />
    <property name="env.PARINIT" value="rTbgqR B=.?_A_a Q=_s&gt;|:" />
    <property name="java.vm.version" value="24.95-b01" />
    <property name="java.class.path" value="/home/jyum/codeu/cs-wikipedia-philosophy-lab-codeU/javacs-lab05/bin:/home/jyum/codeu/cs-wikipedia-philosophy-lab-codeU/javacs-lab05/lib/jsoup-1.8.3.jar:/home/jyum/codeu/cs-wikipedia-philosophy-lab-codeU/javacs-lab05/lib/junit-4.12.jar:/home/jyum/codeu/cs-wikipedia-philosophy-lab-codeU/javacs-lab05/lib/hamcrest-core-1.3.jar:/usr/share/java/ant-launcher-1.9.3.jar:/usr/share/ant/lib/ant.jar:/usr/share/ant/lib/ant-junit.jar:/usr/share/ant/lib/ant-junit4.jar" />
    <property name="ant.library.dir" value="/usr/share/ant/lib" />
    <property name="os.arch" value="amd64" />
    <property name="env.RSYNC_RSH" value="ssh" />
    <property name="sun.java.launcher" value="SUN_STANDARD" />
    <property name="ant.core.lib" value="/usr/share/ant/lib/ant.jar" />
    <property name="java.vm.specification.vendor" value="Oracle Corporation" />
    <property name="file.separator" value="/" />
    <property name="java.runtime.version" value="1.7.0_101-b00" />
    <property name="env.SSH_AUTH_SOCK" value="/tmp/ssh-7M3vGhwkMtG5/agent.3472" />
    <property name="sun.boot.class.path" value="/usr/lib/jvm/java-7-openjdk-amd64/jre/lib/resources.jar:/usr/lib/jvm/java-7-openjdk-amd64/jre/lib/rt.jar:/usr/lib/jvm/java-7-openjdk-amd64/jre/lib/sunrsasign.jar:/usr/lib/jvm/java-7-openjdk-amd64/jre/lib/jsse.jar:/usr/lib/jvm/java-7-openjdk-amd64/jre/lib/jce.jar:/usr/lib/jvm/java-7-openjdk-amd64/jre/lib/charsets.jar:/usr/lib/jvm/java-7-openjdk-amd64/jre/lib/rhino.jar:/usr/lib/jvm/java-7-openjdk-amd64/jre/lib/jfr.jar:/usr/lib/jvm/java-7-openjdk-amd64/jre/classes" />
    <property name="env.QT4_IM_MODULE" value="xim" />
    <property name="env.XDG_CONFIG_DIRS" value="/etc/xdg/xdg-cinnamon:/etc/xdg" />
    <property name="env.XDG_RUNTIME_DIR" value="/run/user/34444" />
    <property name="user.country" value="US" />
    <property name="env.SHELL" value="/bin/bash" />
    <property name="java.vendor" value="Oracle Corporation" />
    <property name="env.GPG_AGENT_INFO" value="/run/user/34444/keyring-cZKMiM/gpg:0:1" />
    <property name="java.specification.version" value="1.7" />
    <property name="env.IRBRC" value="/home/jyum/.rvm/rubies/ruby-2.2.1/.irbrc" />
    <property name="sun.arch.data.model" value="64" />
    <property name="env.GNOME_DESKTOP_SESSION_ID" value="this-is-deprecated" />
  </properties>
  <testcase classname="com.flatironschool.javacs.WikiPhilosophyTest" name="testMain" time="5.077" />
  <system-out><![CDATA[Fetching https://en.wikipedia.org/wiki/Java_(programming_language)...
**computer programming language**
Fetching https://en.wikipedia.org/wiki/Programming_language...
**formal**
Fetching https://en.wikipedia.org/wiki/Formal_language...
**mathematics**
Fetching https://en.wikipedia.org/wiki/Mathematics...
**quantity**
Fetching https://en.wikipedia.org/wiki/Quantity...
**property**
Fetching https://en.wikipedia.org/wiki/Property_(philosophy)...
**philosophy**
Eureka!
]]></system-out>
  <system-err><![CDATA[]]></system-err>
</testsuite>
